{"numTotalTestSuites":8,"numPassedTestSuites":8,"numFailedTestSuites":0,"numPendingTestSuites":0,"numTotalTests":32,"numPassedTests":32,"numFailedTests":0,"numPendingTests":0,"numTodoTests":0,"snapshot":{"added":0,"failure":false,"filesAdded":0,"filesRemoved":0,"filesRemovedList":[],"filesUnmatched":0,"filesUpdated":0,"matched":0,"total":0,"unchecked":0,"uncheckedKeysByFile":[],"unmatched":0,"updated":0,"didUpdate":false},"startTime":1789826660984,"success":true,"testResults":[{"assertionResults":[{"ancestorTitles":["Angular outgoing OpenAPI contract","CommentService"],"fullName":"Angular outgoing OpenAPI contract CommentService GET /comments","status":"passed","title":"GET /comments","duration":59.12862200000018,"failureMessages":[],"meta":{},"tags":[]},{"ancestorTitles":["Angular outgoing OpenAPI contract","CommentService"],"fullName":"Angular outgoing OpenAPI contract CommentService POST /comments","status":"passed","title":"POST /comments","duration":21.780199999999695,"failureMessages":[],"meta":{},"tags":[]},{"ancestorTitles":["Angular outgoing OpenAPI contract","CommentService"],"fullName":"Angular outgoing OpenAPI contract CommentService PUT /comments/{commentId}","status":"passed","title":"PUT /comments/{commentId}","duration":14.415873999999803,"failureMessages":[],"meta":{},"tags":[]},{"ancestorTitles":["Angular outgoing OpenAPI contract","CommentService"],"fullName":"Angular outgoing OpenAPI contract CommentService DELETE /comments/{commentId}","status":"passed","title":"DELETE /comments/{commentId}","duration":10.913379000000077,"failureMessages":[],"meta":{},"tags":[]},{"ancestorTitles":["Angular outgoing OpenAPI contract","LabelService"],"fullName":"Angular outgoing OpenAPI contract LabelService GET /labels","status":"passed","title":"GET /labels","duration":10.911700999999994,"failureMessages":[],"meta":{},"tags":[]},{"ancestorTitles":["Angular outgoing OpenAPI contract","LabelService"],"fullName":"Angular outgoing OpenAPI contract LabelService POST /labels","status":"passed","title":"POST /labels","duration":11.362587000000076,"failureMessages":[],"meta":{},"tags":[]},{"ancestorTitles":["Angular outgoing OpenAPI contract","LabelService"],"fullName":"Angular outgoing OpenAPI contract LabelService PUT /labels/{labelId}","status":"passed","title":"PUT /labels/{labelId}","duration":14.325566000000435,"failureMessages":[],"meta":{},"tags":[]},{"ancestorTitles":["Angular outgoing OpenAPI contract","LabelService"],"fullName":"Angular outgoing OpenAPI contract LabelService DELETE /labels/{labelId}","status":"passed","title":"DELETE /labels/{labelId}","duration":7.73223599999983,"failureMessages":[],"meta":{},"tags":[]},{"ancestorTitles":["Angular outgoing OpenAPI contract","PlanningCalendarService"],"fullName":"Angular outgoing OpenAPI contract PlanningCalendarService GET /planning-calendars","status":"passed","title":"GET /planning-calendars","duration":10.203918000000158,"failureMessages":[],"meta":{},"tags":[]},{"ancestorTitles":["Angular outgoing OpenAPI contract","PlanningCalendarService"],"fullName":"Angular outgoing OpenAPI contract PlanningCalendarService POST /planning-calendars","status":"passed","title":"POST /planning-calendars","duration":14.644708000000264,"failureMessages":[],"meta":{},"tags":[]},{"ancestorTitles":["Angular outgoing OpenAPI contract","PlanningCalendarService"],"fullName":"Angular outgoing OpenAPI contract PlanningCalendarService PUT /planning-calendars/{planningCalendarId}","status":"passed","title":"PUT /planning-calendars/{planningCalendarId}","duration":16.888892999999825,"failureMessages":[],"meta":{},"tags":[]},{"ancestorTitles":["Angular outgoing OpenAPI contract","ProjectService"],"fullName":"Angular outgoing OpenAPI contract ProjectService GET /projects","status":"passed","title":"GET /projects","duration":12.386442999999872,"failureMessages":[],"meta":{},"tags":[]},{"ancestorTitles":["Angular outgoing OpenAPI contract","ProjectService"],"fullName":"Angular outgoing OpenAPI contract ProjectService GET /projects/{projectId}","status":"passed","title":"GET /projects/{projectId}","duration":9.28050200000007,"failureMessages":[],"meta":{},"tags":[]},{"ancestorTitles":["Angular outgoing OpenAPI contract","ProjectService"],"fullName":"Angular outgoing OpenAPI contract ProjectService POST /projects","status":"passed","title":"POST /projects","duration":10.988545000000158,"failureMessages":[],"meta":{},"tags":[]},{"ancestorTitles":["Angular outgoing OpenAPI contract","ProjectService"],"fullName":"Angular outgoing OpenAPI contract ProjectService PUT /projects/{projectId}","status":"passed","title":"PUT /projects/{projectId}","duration":14.57561799999985,"failureMessages":[],"meta":{},"tags":[]},{"ancestorTitles":["Angular outgoing OpenAPI contract","ProjectService"],"fullName":"Angular outgoing OpenAPI contract ProjectService DELETE /projects/{projectId}","status":"passed","title":"DELETE /projects/{projectId}","duration":6.14993800000002,"failureMessages":[],"meta":{},"tags":[]},{"ancestorTitles":["Angular outgoing OpenAPI contract","ProjectService"],"fullName":"Angular outgoing OpenAPI contract ProjectService PATCH /projects/reorder","status":"passed","title":"PATCH /projects/reorder","duration":9.205721000000267,"failureMessages":[],"meta":{},"tags":[]},{"ancestorTitles":["Angular outgoing OpenAPI contract","ProjectService"],"fullName":"Angular outgoing OpenAPI contract ProjectService GET /projects/{projectId}/tasks","status":"passed","title":"GET /projects/{projectId}/tasks","duration":19.5019970000003,"failureMessages":[],"meta":{},"tags":[]},{"ancestorTitles":["Angular outgoing OpenAPI contract","TaskService"],"fullName":"Angular outgoing OpenAPI contract TaskService GET /tasks with every supported query parameter","status":"passed","title":"GET /tasks with every supported query parameter","duration":24.165665999999874,"failureMessages":[],"meta":{},"tags":[]},{"ancestorTitles":["Angular outgoing OpenAPI contract","TaskService"],"fullName":"Angular outgoing OpenAPI contract TaskService GET /tasks/{taskId}","status":"passed","title":"GET /tasks/{taskId}","duration":16.725660999999945,"failureMessages":[],"meta":{},"tags":[]},{"ancestorTitles":["Angular outgoing OpenAPI contract","TaskService"],"fullName":"Angular outgoing OpenAPI contract TaskService POST /tasks","status":"passed","title":"POST /tasks","duration":22.634873999999854,"failureMessages":[],"meta":{},"tags":[]},{"ancestorTitles":["Angular outgoing OpenAPI contract","TaskService"],"fullName":"Angular outgoing OpenAPI contract TaskService PUT /tasks/{taskId}","status":"passed","title":"PUT /tasks/{taskId}","duration":27.96630200000027,"failureMessages":[],"meta":{},"tags":[]},{"ancestorTitles":["Angular outgoing OpenAPI contract","TaskService"],"fullName":"Angular outgoing OpenAPI contract TaskService PUT /tasks/{taskId}/occurrences/{occurrenceScheduledAt}","status":"passed","title":"PUT /tasks/{taskId}/occurrences/{occurrenceScheduledAt}","duration":29.400696000000153,"failureMessages":[],"meta":{},"tags":[]},{"ancestorTitles":["Angular outgoing OpenAPI contract","TaskService"],"fullName":"Angular outgoing OpenAPI contract TaskService PUT /tasks/{taskId}/occurrences/{occurrenceScheduledAt}/following","status":"passed","title":"PUT /tasks/{taskId}/occurrences/{occurrenceScheduledAt}/following","duration":23.998145000000022,"failureMessages":[],"meta":{},"tags":[]},{"ancestorTitles":["Angular outgoing OpenAPI contract","TaskService"],"fullName":"Angular outgoing OpenAPI contract TaskService DELETE /tasks/{taskId} without a body","status":"passed","title":"DELETE /tasks/{taskId} without a body","duration":6.723963999999796,"failureMessages":[],"meta":{},"tags":[]},{"ancestorTitles":["Angular outgoing OpenAPI contract","TaskService"],"fullName":"Angular outgoing OpenAPI contract TaskService DELETE /tasks/{taskId} with recurrence scope","status":"passed","title":"DELETE /tasks/{taskId} with recurrence scope","duration":19.127801999999974,"failureMessages":[],"meta":{},"tags":[]},{"ancestorTitles":["Angular outgoing OpenAPI contract","TaskService"],"fullName":"Angular outgoing OpenAPI contract TaskService POST /tasks/{taskId}/close without occurrence identity","status":"passed","title":"POST /tasks/{taskId}/close without occurrence identity","duration":16.802044999999907,"failureMessages":[],"meta":{},"tags":[]},{"ancestorTitles":["Angular outgoing OpenAPI contract","TaskService"],"fullName":"Angular outgoing OpenAPI contract TaskService POST /tasks/{taskId}/close with occurrence identity","status":"passed","title":"POST /tasks/{taskId}/close with occurrence identity","duration":6.2780619999998635,"failureMessages":[],"meta":{},"tags":[]},{"ancestorTitles":["Angular outgoing OpenAPI contract","TaskService"],"fullName":"Angular outgoing OpenAPI contract TaskService POST /tasks/{taskId}/reopen without occurrence identity","status":"passed","title":"POST /tasks/{taskId}/reopen without occurrence identity","duration":17.340132999999696,"failureMessages":[],"meta":{},"tags":[]},{"ancestorTitles":["Angular outgoing OpenAPI contract","TaskService"],"fullName":"Angular outgoing OpenAPI contract TaskService POST /tasks/{taskId}/reopen with occurrence identity","status":"passed","title":"POST /tasks/{taskId}/reopen with occurrence identity","duration":7.90458499999977,"failureMessages":[],"meta":{},"tags":[]},{"ancestorTitles":["Angular outgoing OpenAPI contract","TaskService"],"fullName":"Angular outgoing OpenAPI contract TaskService GET /tasks/{taskId}/subtasks","status":"passed","title":"GET /tasks/{taskId}/subtasks","duration":13.027434999999969,"failureMessages":[],"meta":{},"tags":[]},{"ancestorTitles":["Angular outgoing OpenAPI contract","VersionService"],"fullName":"Angular outgoing OpenAPI contract VersionService GET /version","status":"passed","title":"GET /version","duration":7.887310999999954,"failureMessages":[],"meta":{},"tags":[]}],"startTime":1789826663536,"endTime":1789826664050.8872,"status":"passed","message":"","name":"/home/chris/projects/taska/contract-tests/frontend/frontend-contract.spec.ts"}]}